#
# A fatal error has been detected by the Java Runtime Environment:
#
#  EXCEPTION_ACCESS_VIOLATION (0xc0000005) at pc=0x000000005e434419, pid=3472, tid=6620
#
# JRE version: Java(TM) SE Runtime Environment (7.0_51-b13) (build 1.7.0_51-b13)
# Java VM: Java HotSpot(TM) 64-Bit Server VM (24.51-b03 mixed mode windows-amd64 compressed oops)
# Problematic frame:
# V  [jvm.dll+0x54419]
#
# Failed to write core dump. Minidumps are not enabled by default on client versions of Windows
#
# If you would like to submit a bug report, please visit:
#   http://bugreport.sun.com/bugreport/crash.jsp
#

---------------  T H R E A D  ---------------

Current thread (0x0000000008125000):  JavaThread "JDWP Transport Listener: dt_socket" daemon [_thread_in_vm, id=6620, stack(0x000000000a290000,0x000000000a390000)]

siginfo: ExceptionCode=0xc0000005, reading address 0x000000000000000c

Registers:
RAX=0x000000000000000c, RBX=0x0000000008125000, RCX=0x0000000000000000, RDX=0x0000000000000000
RSP=0x000000000a38f7e0, RBP=0x000000000000000c, RSI=0x0000000000000000, RDI=0x0000000000000010
R8 =0x00000000ebbe4cb8, R9 =0x0000000000000000, R10=0x0000000000000000, R11=0x0000000000000001
R12=0x0000000000000000, R13=0x00000000081196e8, R14=0x0000000000000000, R15=0x0000000000000000
RIP=0x000000005e434419, EFLAGS=0x0000000000010246

Top of Stack: (sp=0x000000000a38f7e0)
0x000000000a38f7e0:   0000000008125000 0000000000000000
0x000000000a38f7f0:   0000000000000000 0000000008125000
0x000000000a38f800:   0000000000000000 000000005e4fb2b7
0x000000000a38f810:   00000000ebbe4cb8 000000000a38f930
0x000000000a38f820:   0000000008129a80 000000000a38f900
0x000000000a38f830:   0000000008125000 0000000000000000
0x000000000a38f840:   0000000008129a80 000000000a38f930
0x000000000a38f850:   0000000000000000 00000000081196e8
0x000000000a38f860:   0000000000000000 000000005e377d15
0x000000000a38f870:   000000000a38f900 000000000a38f930
0x000000000a38f880:   0000000008129a80 00000000081251e8
0x000000000a38f890:   000000000a62250a 000000005e37f08c
0x000000000a38f8a0:   0000000008010a01 000000000a38f9a0
0x000000000a38f8b0:   0000000008119301 00000000080bacc0
0x000000000a38f8c0:   00001cd600000013 0000000008010a00
0x000000000a38f8d0:   0000000001fc5ca0 000000005e56bcca 

Instructions: (pc=0x000000005e434419)
0x000000005e4343f9:   d2 48 8b c5 eb 18 48 8b d0 48 8b c5 48 d3 e2 48
0x000000005e434409:   03 15 a1 74 69 00 eb 06 48 8b 12 48 8b c7 48 98
0x000000005e434419:   8b 14 10 85 d2 74 2a 45 84 db 4c 63 c6 48 0f 45
0x000000005e434429:   fd 8d 47 0b 48 63 c8 48 83 e1 f8 48 c1 e9 03 8d 


Register to memory mapping:

RAX=0x000000000000000c is an unknown value
RBX=0x0000000008125000 is a thread
RCX=0x0000000000000000 is an unknown value
RDX=0x0000000000000000 is an unknown value
RSP=0x000000000a38f7e0 is pointing into the stack for thread: 0x0000000008125000
RBP=0x000000000000000c is an unknown value
RSI=0x0000000000000000 is an unknown value
RDI=0x0000000000000010 is an unknown value
R8 =0x00000000ebbe4cb8 is an oop
java.lang.String 
 - klass: 'java/lang/String'
R9 =0x0000000000000000 is an unknown value
R10=0x0000000000000000 is an unknown value
R11=0x0000000000000001 is an unknown value
R12=0x0000000000000000 is an unknown value
R13=0x00000000081196e8 is an unknown value
R14=0x0000000000000000 is an unknown value
R15=0x0000000000000000 is an unknown value


Stack: [0x000000000a290000,0x000000000a390000],  sp=0x000000000a38f7e0,  free space=1021k
Native frames: (J=compiled Java code, j=interpreted, Vv=VM code, C=native code)
V  [jvm.dll+0x54419]


---------------  P R O C E S S  ---------------

Java Threads: ( => current thread )
  0x000000000a56f800 JavaThread "Service Thread" daemon [_thread_blocked, id=5856, stack(0x000000000aca0000,0x000000000ada0000)]
  0x000000000a56b000 JavaThread "C2 CompilerThread1" daemon [_thread_blocked, id=1472, stack(0x000000000a9a0000,0x000000000aaa0000)]
  0x000000000813a000 JavaThread "C2 CompilerThread0" daemon [_thread_blocked, id=4856, stack(0x000000000aac0000,0x000000000abc0000)]
  0x0000000008137000 JavaThread "JDWP Command Reader" daemon [_thread_in_native, id=4800, stack(0x000000000a190000,0x000000000a290000)]
  0x0000000008136000 JavaThread "JDWP Event Helper Thread" daemon [_thread_blocked, id=2548, stack(0x000000000a460000,0x000000000a560000)]
=>0x0000000008125000 JavaThread "JDWP Transport Listener: dt_socket" daemon [_thread_in_vm, id=6620, stack(0x000000000a290000,0x000000000a390000)]
  0x000000000811f000 JavaThread "Attach Listener" daemon [_thread_blocked, id=6364, stack(0x00000000097d0000,0x00000000098d0000)]
  0x0000000008117800 JavaThread "Signal Dispatcher" daemon [_thread_blocked, id=5932, stack(0x00000000096a0000,0x00000000097a0000)]
  0x00000000080c6800 JavaThread "Finalizer" daemon [_thread_blocked, id=6752, stack(0x00000000092d0000,0x00000000093d0000)]
  0x00000000080bd000 JavaThread "Reference Handler" daemon [_thread_blocked, id=6272, stack(0x0000000009430000,0x0000000009530000)]
  0x000000000040f800 JavaThread "main" [_thread_blocked, id=6128, stack(0x0000000002270000,0x0000000002370000)]

Other Threads:
  0x00000000080b7800 VMThread [stack: 0x0000000009160000,0x0000000009260000] [id=4260]
  0x000000000a584800 WatcherThread [stack: 0x000000000ae50000,0x000000000af50000] [id=5500]

VM state:not at safepoint (normal execution)

VM Mutex/Monitor currently owned by a thread: None

Heap
 PSYoungGen      total 18432K, used 952K [0x00000000ebb00000, 0x00000000ecf80000, 0x0000000100000000)
  eden space 15872K, 6% used [0x00000000ebb00000,0x00000000ebbee1e0,0x00000000eca80000)
  from space 2560K, 0% used [0x00000000ecd00000,0x00000000ecd00000,0x00000000ecf80000)
  to   space 2560K, 0% used [0x00000000eca80000,0x00000000eca80000,0x00000000ecd00000)
 ParOldGen       total 41472K, used 0K [0x00000000c3200000, 0x00000000c5a80000, 0x00000000ebb00000)
  object space 41472K, 0% used [0x00000000c3200000,0x00000000c3200000,0x00000000c5a80000)
 PSPermGen       total 21504K, used 3063K [0x00000000be000000, 0x00000000bf500000, 0x00000000c3200000)
  object space 21504K, 14% used [0x00000000be000000,0x00000000be2fdd98,0x00000000bf500000)

Card table byte_map: [0x0000000005370000,0x0000000005590000] byte_map_base: 0x0000000004d80000

Polling page: 0x0000000000220000

Code Cache  [0x0000000002370000, 0x00000000025e0000, 0x0000000005370000)
 total_blobs=181 nmethods=1 adapters=142 free_code_cache=48768Kb largest_free_block=49924736

Compilation events (2 events):
Event: 0.289 Thread 0x000000000813a000    1             java.lang.String::hashCode (55 bytes)
Event: 0.299 Thread 0x000000000813a000 nmethod 1 0x00000000023cfd90 code [0x00000000023cfec0, 0x00000000023d0038]

GC Heap History (0 events):
No events

Deoptimization events (0 events):
No events

Internal exceptions (7 events):
Event: 0.050 Thread 0x000000000040f800 Threw 0x00000000ebb0b598 at C:\re\jdk7u51\527\hotspot\src\share\vm\prims\jni.cpp:3991
Event: 0.241 Thread 0x000000000040f800 Threw 0x00000000ebb4e940 at C:\re\jdk7u51\527\hotspot\src\share\vm\prims\jvm.cpp:1244
Event: 0.266 Thread 0x000000000040f800 Threw 0x00000000ebba5988 at C:\re\jdk7u51\527\hotspot\src\share\vm\prims\jvm.cpp:1244
Event: 0.288 Thread 0x000000000040f800 Threw 0x00000000ebbc3ae8 at C:\re\jdk7u51\527\hotspot\src\share\vm\prims\jvm.cpp:1244
Event: 0.288 Thread 0x000000000040f800 Threw 0x00000000ebbc3c10 at C:\re\jdk7u51\527\hotspot\src\share\vm\prims\jvm.cpp:1244
Event: 0.289 Thread 0x000000000040f800 Threw 0x00000000ebbc7978 at C:\re\jdk7u51\527\hotspot\src\share\vm\prims\jvm.cpp:1244
Event: 0.289 Thread 0x000000000040f800 Threw 0x00000000ebbc7aa0 at C:\re\jdk7u51\527\hotspot\src\share\vm\prims\jvm.cpp:1244

Events (10 events):
Event: 22.127 Executing VM operation: GetCurrentLocation
Event: 22.127 Executing VM operation: GetCurrentLocation done
Event: 22.127 Executing VM operation: ChangeSingleStep
Event: 22.127 Executing VM operation: ChangeSingleStep done
Event: 22.128 Executing VM operation: ChangeSingleStep
Event: 22.128 Executing VM operation: ChangeSingleStep done
Event: 22.141 Executing VM operation: GetOrSetLocal
Event: 22.141 Executing VM operation: GetOrSetLocal done
Event: 22.146 Executing VM operation: GetOrSetLocal
Event: 22.146 Executing VM operation: GetOrSetLocal done


Dynamic libraries:
0x000000013f7d0000 - 0x000000013f803000 	C:\Program Files\Java\jdk1.7.0_51\bin\javaw.exe
0x0000000077c10000 - 0x0000000077dbc000 	C:\Windows\SYSTEM32\ntdll.dll
0x0000000077530000 - 0x000000007764f000 	C:\Windows\system32\kernel32.dll
0x000007fefe3e0000 - 0x000007fefe44c000 	C:\Windows\system32\KERNELBASE.dll
0x000007fefe8e0000 - 0x000007fefe9bb000 	C:\Windows\system32\ADVAPI32.dll
0x000007fefe4d0000 - 0x000007fefe56f000 	C:\Windows\system32\msvcrt.dll
0x000007feff890000 - 0x000007feff8af000 	C:\Windows\SYSTEM32\sechost.dll
0x000007fefe570000 - 0x000007fefe69e000 	C:\Windows\system32\RPCRT4.dll
0x0000000077650000 - 0x000000007774a000 	C:\Windows\system32\USER32.dll
0x000007fefe460000 - 0x000007fefe4c7000 	C:\Windows\system32\GDI32.dll
0x000007fefe880000 - 0x000007fefe88e000 	C:\Windows\system32\LPK.dll
0x000007fefe9c0000 - 0x000007fefea8a000 	C:\Windows\system32\USP10.dll
0x000007fefc930000 - 0x000007fefcb24000 	C:\Windows\WinSxS\amd64_microsoft.windows.common-controls_6595b64144ccf1df_6.0.7600.16661_none_fa62ad231704eab7\COMCTL32.dll
0x000007feffb80000 - 0x000007feffbf1000 	C:\Windows\system32\SHLWAPI.dll
0x000007feffc00000 - 0x000007feffc2e000 	C:\Windows\system32\IMM32.DLL
0x000007feff9f0000 - 0x000007feffaf9000 	C:\Windows\system32\MSCTF.dll
0x000007fefe060000 - 0x000007fefe080000 	C:\Windows\system32\nvinitx.dll
0x000000005ebb0000 - 0x000000005ec82000 	C:\Program Files\Java\jdk1.7.0_51\jre\bin\msvcr100.dll
0x000000005e3e0000 - 0x000000005eba9000 	C:\Program Files\Java\jdk1.7.0_51\jre\bin\server\jvm.dll
0x000007fef27b0000 - 0x000007fef27b9000 	C:\Windows\system32\WSOCK32.dll
0x000007fefe890000 - 0x000007fefe8dd000 	C:\Windows\system32\WS2_32.dll
0x000007fefe450000 - 0x000007fefe458000 	C:\Windows\system32\NSI.dll
0x000007fefb5c0000 - 0x000007fefb5fb000 	C:\Windows\system32\WINMM.dll
0x0000000077dd0000 - 0x0000000077dd7000 	C:\Windows\system32\PSAPI.DLL
0x0000000069af0000 - 0x0000000069aff000 	C:\Program Files\Java\jdk1.7.0_51\jre\bin\verify.dll
0x000000005e3b0000 - 0x000000005e3d8000 	C:\Program Files\Java\jdk1.7.0_51\jre\bin\java.dll
0x000000005e370000 - 0x000000005e3a5000 	C:\Program Files\Java\jdk1.7.0_51\jre\bin\jdwp.dll
0x0000000069b00000 - 0x0000000069b08000 	C:\Program Files\Java\jdk1.7.0_51\jre\bin\npt.dll
0x0000000062f90000 - 0x0000000062fa5000 	C:\Program Files\Java\jdk1.7.0_51\jre\bin\zip.dll
0x0000000062f00000 - 0x0000000062f09000 	C:\Program Files\Java\jdk1.7.0_51\jre\bin\dt_socket.dll
0x000007fefb670000 - 0x000007fefb685000 	C:\Windows\system32\NLAapi.dll
0x000007fefd8d0000 - 0x000007fefd924000 	C:\Windows\System32\mswsock.dll
0x000007fefd750000 - 0x000007fefd7ab000 	C:\Windows\system32\DNSAPI.dll
0x000007fef0f10000 - 0x000007fef0f1b000 	C:\Windows\System32\winrnr.dll
0x000007fef0ef0000 - 0x000007fef0f05000 	C:\Windows\system32\napinsp.dll
0x000007fef0ed0000 - 0x000007fef0ee9000 	C:\Windows\system32\pnrpnsp.dll
0x000007fefbfd0000 - 0x000007fefbfe0000 	C:\Windows\system32\wshbth.dll
0x0000000063560000 - 0x0000000063569000 	C:\Program Files\National Instruments\Shared\mDNS Responder\nimdnsNSP.dll
0x0000000063550000 - 0x000000006355e000 	C:\Windows\system32\nimdnsResponder.dll
0x0000000073520000 - 0x00000000735c3000 	C:\Windows\WinSxS\amd64_microsoft.vc90.crt_1fc8b3b9a1e18e3b_9.0.30729.6161_none_08e61857a83bc251\MSVCR90.dll
0x000007fefaf60000 - 0x000007fefaf87000 	C:\Windows\system32\Iphlpapi.DLL
0x000007fefaf40000 - 0x000007fefaf4b000 	C:\Windows\system32\WINNSI.DLL
0x000007fefadf0000 - 0x000007fefae43000 	C:\Windows\System32\fwpuclnt.dll
0x000007fef8930000 - 0x000007fef8938000 	C:\Windows\system32\rasadhlp.dll
0x000007fefd150000 - 0x000007fefd157000 	C:\Windows\System32\wshtcpip.dll
0x000007fef41a0000 - 0x000007fef42c5000 	C:\Windows\system32\dbghelp.dll

VM Arguments:
jvm_args: -agentlib:jdwp=transport=dt_socket,suspend=y,address=localhost:55264 -Dfile.encoding=Cp1252 
java_command: Main C:\Users\Justin\Documents\EE360C\Program3\small\a
Launcher Type: SUN_STANDARD

Environment Variables:
CLASSPATH=.;C:\Program Files (x86)\QuickTime\QTSystem\QTJava.zip
PATH=C:\Program Files\Java\jdk1.7.0_51\jre\bin;C:\Windows\system32;C:\Windows;C:\Windows\System32\Wbem;C:\Windows\System32\WindowsPowerShell\v1.0\;C:\Program Files\WIDCOMM\Bluetooth Software\;C:\Program Files\WIDCOMM\Bluetooth Software\syswow64;C:\Program Files (x86)\QuickTime\QTSystem\;C:\Program Files\TortoiseSVN\bin;c:\Program Files (x86)\Microsoft SQL Server\100\Tools\Binn\;c:\Program Files\Microsoft SQL Server\100\Tools\Binn\;c:\Program Files\Microsoft SQL Server\100\DTS\Binn\;C:\Program Files\MATLAB\R2011a\runtime\win64;C:\Program Files\MATLAB\R2011a\bin;C:\Program Files (x86)\IVI Foundation\VISA\WinNT\Bin\;C:\Program Files\IVI Foundation\VISA\Win64\Bin\;C:\Program Files (x86)\IVI Foundation\VISA\WinNT\Bin
USERNAME=Justin
OS=Windows_NT
PROCESSOR_IDENTIFIER=Intel64 Family 6 Model 37 Stepping 2, GenuineIntel



---------------  S Y S T E M  ---------------

OS: Windows 7 , 64 bit Build 7600 

CPU:total 4 (2 cores per cpu, 2 threads per core) family 6 model 37 stepping 2, cmov, cx8, fxsr, mmx, sse, sse2, sse3, ssse3, sse4.1, sse4.2, popcnt, aes, ht, tsc, tscinvbit

Memory: 4k page, physical 3987312k(1079148k free), swap 7972716k(3927988k free)

vm_info: Java HotSpot(TM) 64-Bit Server VM (24.51-b03) for windows-amd64 JRE (1.7.0_51-b13), built on Dec 18 2013 18:40:56 by "java_re" with unknown MS VC++:1600

time: Wed Dec 03 12:18:43 2014
elapsed time: 22 seconds

